[15:04:32] [ServerMain/INFO]: Environment: authHost='https://authserver.mojang.com', accountsHost='https://api.mojang.com', sessionHost='https://sessionserver.mojang.com', servicesHost='https://api.minecraftservices.com', name='PROD'
[15:04:34] [Worker-Main-1/INFO]: Loaded 7 recipes
[15:04:36] [Server thread/INFO]: Starting minecraft server version 1.18.2
[15:04:36] [Server thread/INFO]: Loading properties
[15:04:36] [Server thread/INFO]: This server is running Paper version git-Paper-341 (MC: 1.18.2) (Implementing API version 1.18.2-R0.1-SNAPSHOT) (Git: fc1752f)
[15:04:36] [Server thread/INFO]: Using 4 threads for Netty based IO
[15:04:36] [Server thread/INFO]: Server Ping Player Sample Count: 12
[15:04:36] [Server console handler/ERROR]: [TerminalConsole] Failed to read console input
java.io.IOException: The handle is invalid
	at java.io.FileInputStream.readBytes(Native Method) ~[?:?]
	at java.io.FileInputStream.read(FileInputStream.java:276) ~[?:?]
	at java.io.BufferedInputStream.read1(BufferedInputStream.java:282) ~[?:?]
	at java.io.BufferedInputStream.read(BufferedInputStream.java:343) ~[?:?]
	at sun.nio.cs.StreamDecoder.readBytes(StreamDecoder.java:270) ~[?:?]
	at sun.nio.cs.StreamDecoder.implRead(StreamDecoder.java:313) ~[?:?]
	at sun.nio.cs.StreamDecoder.read(StreamDecoder.java:188) ~[?:?]
	at java.io.InputStreamReader.read(InputStreamReader.java:177) ~[?:?]
	at java.io.BufferedReader.fill(BufferedReader.java:162) ~[?:?]
	at java.io.BufferedReader.readLine(BufferedReader.java:329) ~[?:?]
	at java.io.BufferedReader.readLine(BufferedReader.java:396) ~[?:?]
	at net.minecrell.terminalconsole.SimpleTerminalConsole.readCommands(SimpleTerminalConsole.java:180) ~[terminalconsoleappender-1.3.0.jar:?]
	at net.minecrell.terminalconsole.SimpleTerminalConsole.start(SimpleTerminalConsole.java:143) ~[terminalconsoleappender-1.3.0.jar:?]
	at net.minecraft.server.dedicated.DedicatedServer$1.run(DedicatedServer.java:114) ~[paper-1.18.2.jar:git-Paper-341]
	Suppressed: java.io.IOException: The handle is invalid
		at java.io.FileDescriptor.close0(Native Method) ~[?:?]
		at java.io.FileDescriptor.close(FileDescriptor.java:297) ~[?:?]
		at java.io.FileInputStream$1.close(FileInputStream.java:459) ~[?:?]
		at java.io.FileDescriptor.closeAll(FileDescriptor.java:355) ~[?:?]
		at java.io.FileInputStream.close(FileInputStream.java:457) ~[?:?]
		at java.io.BufferedInputStream.close(BufferedInputStream.java:481) ~[?:?]
		at sun.nio.cs.StreamDecoder.implClose(StreamDecoder.java:366) ~[?:?]
		at sun.nio.cs.StreamDecoder.close(StreamDecoder.java:204) ~[?:?]
		at java.io.InputStreamReader.close(InputStreamReader.java:192) ~[?:?]
		at java.io.BufferedReader.close(BufferedReader.java:525) ~[?:?]
		at net.minecrell.terminalconsole.SimpleTerminalConsole.readCommands(SimpleTerminalConsole.java:183) ~[terminalconsoleappender-1.3.0.jar:?]
		at net.minecrell.terminalconsole.SimpleTerminalConsole.start(SimpleTerminalConsole.java:143) ~[terminalconsoleappender-1.3.0.jar:?]
		at net.minecraft.server.dedicated.DedicatedServer$1.run(DedicatedServer.java:114) ~[paper-1.18.2.jar:git-Paper-341]
[15:04:36] [Server thread/INFO]: Default game type: SURVIVAL
[15:04:36] [Server thread/INFO]: Generating keypair
[15:04:37] [Server thread/INFO]: Starting Minecraft server on *:25565
[15:04:37] [Server thread/INFO]: Using default channel type
[15:04:37] [Server thread/INFO]: Paper: Using Java 11 compression from Velocity.
[15:04:37] [Server thread/INFO]: Paper: Using Java cipher from Velocity.
[15:04:37] [Server thread/INFO]: Server permissions file permissions.yml is empty, ignoring it
[15:04:37] [Server thread/WARN]: **** SERVER IS RUNNING IN OFFLINE/INSECURE MODE!
[15:04:37] [Server thread/WARN]: The server will make no attempt to authenticate usernames. Beware.
[15:04:37] [Server thread/WARN]: While this makes the game possible to play without internet access, it also opens up the ability for hackers to connect with any username they choose.
[15:04:37] [Server thread/WARN]: To change this, set "online-mode" to "true" in the server.properties file.
[15:04:37] [Server thread/INFO]: Preparing level "world"
[15:04:43] [Server thread/INFO]: Preparing start region for dimension minecraft:overworld
[15:04:43] [Worker-Main-1/INFO]: Preparing spawn area: 0%
[15:04:43] [Worker-Main-1/INFO]: Preparing spawn area: 0%
[15:04:43] [Server thread/INFO]: Time elapsed: 706 ms
[15:04:43] [Server thread/INFO]: Preparing start region for dimension minecraft:the_nether
[15:04:44] [Server thread/INFO]: Time elapsed: 206 ms
[15:04:44] [Server thread/INFO]: Preparing start region for dimension minecraft:the_end
[15:04:44] [Server thread/INFO]: Time elapsed: 110 ms
[15:04:44] [Server thread/INFO]: Running delayed init tasks
[15:04:44] [Server thread/INFO]: Done (7.656s)! For help, type "help"
[15:04:44] [Server thread/INFO]: Timings Reset
[15:05:09] [Server thread/INFO]: Stopping the server
[15:05:09] [Server thread/INFO]: Stopping server
[15:05:09] [Server thread/INFO]: Saving players
[15:05:09] [Server thread/INFO]: Saving worlds
[15:05:49] [Server thread/INFO]: Saving chunks for level 'ServerLevel[world]'/minecraft:overworld
[15:05:52] [Server thread/INFO]: Saving chunks for level 'ServerLevel[world_nether]'/minecraft:the_nether
[15:05:52] [Server thread/INFO]: Saving chunks for level 'ServerLevel[world_the_end]'/minecraft:the_end
[15:05:52] [Server thread/INFO]: ThreadedAnvilChunkStorage (world): All chunks are saved
[15:05:52] [Server thread/INFO]: ThreadedAnvilChunkStorage (DIM-1): All chunks are saved
[15:05:52] [Server thread/INFO]: ThreadedAnvilChunkStorage (DIM1): All chunks are saved
[15:05:52] [Server thread/INFO]: ThreadedAnvilChunkStorage: All dimensions are saved
[15:05:52] [Server thread/INFO]: Flushing Chunk IO
[15:05:52] [Server thread/INFO]: Closing Thread Pool
[15:05:52] [Server thread/INFO]: Closing Server
